<html>
<head>
<title>TestNG:  Default test</title>
<link href="../testng.css" rel="stylesheet" type="text/css" />
<link href="../my-testng.css" rel="stylesheet" type="text/css" />

<style type="text/css">
.log { display: none;} 
.stack-trace { display: none;} 
</style>
<script type="text/javascript">
<!--
function flip(e) {
  current = e.style.display;
  if (current == 'block') {
    e.style.display = 'none';
    return 0;
  }
  else {
    e.style.display = 'block';
    return 1;
  }
}

function toggleBox(szDivId, elem, msg1, msg2)
{
  var res = -1;  if (document.getElementById) {
    res = flip(document.getElementById(szDivId));
  }
  else if (document.all) {
    // this is the way old msie versions work
    res = flip(document.all[szDivId]);
  }
  if(elem) {
    if(res == 0) elem.innerHTML = msg1; else elem.innerHTML = msg2;
  }

}

function toggleAllBoxes() {
  if (document.getElementsByTagName) {
    d = document.getElementsByTagName('div');
    for (i = 0; i < d.length; i++) {
      if (d[i].className == 'log') {
        flip(d[i]);
      }
    }
  }
}

// -->
</script>

</head>
<body>
<h2 align='center'>Default test</h2><table border='1' align="center">
<tr>
<td>Tests passed/Failed/Skipped:</td><td>0/1/0</td>
</tr><tr>
<td>Started on:</td><td>Wed Oct 13 10:07:26 PDT 2021</td>
</tr>
<tr><td>Total time:</td><td>10 seconds (10377 ms)</td>
</tr><tr>
<td>Included groups:</td><td></td>
</tr><tr>
<td>Excluded groups:</td><td></td>
</tr>
</table><p/>
<small><i>(Hover the method name to see the test class name)</i></small><p/>
<table width='100%' border='1' class='invocation-failed'>
<tr><td colspan='4' align='center'><b>FAILED TESTS</b></td></tr>
<tr><td><b>Test method</b></td>
<td width="30%"><b>Exception</b></td>
<td width="10%"><b>Time (seconds)</b></td>
<td><b>Instance</b></td>
</tr>
<tr>
<td title='com.runner.MyRunnerclass.runScenario()'><b>runScenario</b><br>Test class: com.runner.MyRunnerclass<br>Test method: Runs Cucumber Scenarios<br>Parameters: "User login with valid username & verify the page title", "Optional[User able to login with valid username & password]"</td>
<td><div><pre>java.lang.AssertionError: expected [Sign in to Zoopla - Zoopla] but found [MyZoopla - Zoopla]
	at org.testng.Assert.fail(Assert.java:96)
	at org.testng.Assert.failNotEquals(Assert.java:776)
	at org.testng.Assert.assertEqualsImpl(Assert.java:137)
	at org.testng.Assert.assertEquals(Assert.java:118)
	at org.testng.Assert.assertEquals(Assert.java:453)
	at org.testng.Assert.assertEquals(Assert.java:463)
	at com.stepdef.MystepdefClass.user_able_to_verify_successfully_login_verify_the_homepage_title(MystepdefClass.java:50)
	at ✽.User able to verify successfully login &amp; verify the homepage title(file:///Users/fahimaakhter/eclipse-workspace/Cucumber_Practice/./Feature/login.feature:14)
</pre></div><a href='#' onClick='toggleBox("stack-trace1517758613", this, "Click to show all stack frames", "Click to hide stack frames")'>Click to show all stack frames</a>
<div class='stack-trace' id='stack-trace1517758613'><pre>java.lang.AssertionError: expected [Sign in to Zoopla - Zoopla] but found [MyZoopla - Zoopla]
	at org.testng.Assert.fail(Assert.java:96)
	at org.testng.Assert.failNotEquals(Assert.java:776)
	at org.testng.Assert.assertEqualsImpl(Assert.java:137)
	at org.testng.Assert.assertEquals(Assert.java:118)
	at org.testng.Assert.assertEquals(Assert.java:453)
	at org.testng.Assert.assertEquals(Assert.java:463)
	at com.stepdef.MystepdefClass.user_able_to_verify_successfully_login_verify_the_homepage_title(MystepdefClass.java:50)
	at ✽.User able to verify successfully login &amp; verify the homepage title(file:///Users/fahimaakhter/eclipse-workspace/Cucumber_Practice/./Feature/login.feature:14)
</pre></div></td>
<td>9</td>
<td>com.runner.MyRunnerclass@5f8edcc5</td></tr>
</table><p>
</body>
</html>