<?xml version="1.0" encoding="UTF-8"?>
<!-- Generated by org.testng.reporters.JUnitXMLReporter -->
<testsuite hostname="Fahimas-MacBook-Pro.local" ignored="0" name="Default test" tests="1" failures="1" timestamp="13 Oct 2021 17:07:37 GMT" time="10.377" errors="0">
  <testcase name="runScenario" time="9.483" classname="io.cucumber.testng.AbstractTestNGCucumberTests">
    <failure type="java.lang.AssertionError" message="expected [Sign in to Zoopla - Zoopla] but found [MyZoopla - Zoopla]">
      <![CDATA[java.lang.AssertionError: expected [Sign in to Zoopla - Zoopla] but found [MyZoopla - Zoopla]
at org.testng.Assert.fail(Assert.java:96)
at org.testng.Assert.failNotEquals(Assert.java:776)
at org.testng.Assert.assertEqualsImpl(Assert.java:137)
at org.testng.Assert.assertEquals(Assert.java:118)
at org.testng.Assert.assertEquals(Assert.java:453)
at org.testng.Assert.assertEquals(Assert.java:463)
at com.stepdef.MystepdefClass.user_able_to_verify_successfully_login_verify_the_homepage_title(MystepdefClass.java:50)
at âœ½.User able to verify successfully login & verify the homepage title(file:///Users/fahimaakhter/eclipse-workspace/Cucumber_Practice/./Feature/login.feature:14)
]]>
    </failure>
  </testcase> <!-- runScenario -->
</testsuite> <!-- Default test -->
